<?xml version="1.0" encoding="UTF-8"?>
<!-- Generated by org.testng.reporters.JUnitReportReporter -->
<testsuite hostname="eepsas-MacBook-Pro.local" failures="0" tests="1" name="com.test.simpleCRUDwithTekarchApp.LoginToAPI" time="3.847" errors="0" timestamp="21 Feb 2022 04:10:11 GMT" skipped="0">
  <testcase classname="com.test.simpleCRUDwithTekarchApp.LoginToAPI" name="Login" time="3.847"/>
</testsuite> <!-- com.test.simpleCRUDwithTekarchApp.LoginToAPI -->
