<?xml version="1.0" encoding="UTF-8"?>
<!-- Generated by org.testng.reporters.JUnitReportReporter -->
<testsuite hostname="eepsas-MacBook-Pro.local" failures="0" tests="1" name="com.test.simpleCRUDwithTekarchApp.GetUser" time="10.044" errors="0" timestamp="21 Feb 2022 01:17:49 GMT" skipped="0">
  <testcase classname="com.test.simpleCRUDwithTekarchApp.GetUser" name="get" time="10.044"/>
</testsuite> <!-- com.test.simpleCRUDwithTekarchApp.GetUser -->
