<?xml version="1.0" encoding="UTF-8"?>
<!-- Generated by org.testng.reporters.JUnitReportReporter -->
<testsuite hostname="eepsas-MacBook-Pro.local" failures="0" tests="5" name="com.test.tests.TekarchApiTestScriptE2E" time="14.694" errors="0" timestamp="21 Feb 2022 04:27:33 GMT" skipped="0">
  <testcase classname="com.test.tests.TekarchApiTestScriptE2E" name="TC01Login" time="3.001"/>
  <testcase classname="com.test.tests.TekarchApiTestScriptE2E" name="TC04Update" time="2.890"/>
  <testcase classname="com.test.tests.TekarchApiTestScriptE2E" name="TC05Delete" time="0.446"/>
  <testcase classname="com.test.tests.TekarchApiTestScriptE2E" name="TC03Add" time="0.890"/>
  <testcase classname="com.test.tests.TekarchApiTestScriptE2E" name="TC02Getuser" time="7.467"/>
</testsuite> <!-- com.test.tests.TekarchApiTestScriptE2E -->
