<?xml version="1.0" encoding="UTF-8"?>
<!-- Generated by org.testng.reporters.JUnitReportReporter -->
<testsuite hostname="eepsas-MacBook-Pro.local" failures="0" tests="1" name="com.test.simpleCRUDwithTekarchApp.Adduser" time="6.340" errors="0" timestamp="21 Feb 2022 01:01:54 GMT" skipped="0">
  <testcase classname="com.test.simpleCRUDwithTekarchApp.Adduser" name="add" time="6.340"/>
</testsuite> <!-- com.test.simpleCRUDwithTekarchApp.Adduser -->
