<?xml version="1.0" encoding="UTF-8"?>
<!-- Generated by org.testng.reporters.JUnitReportReporter -->
<testsuite hostname="eepsas-MacBook-Pro.local" failures="0" tests="1" name="com.test.simpleCRUDwithTekarchApp.UpdateUser" time="3.124" errors="0" timestamp="21 Feb 2022 01:50:50 GMT" skipped="0">
  <testcase classname="com.test.simpleCRUDwithTekarchApp.UpdateUser" name="update" time="3.124"/>
</testsuite> <!-- com.test.simpleCRUDwithTekarchApp.UpdateUser -->
